<?xml version="1.0" encoding="UTF-8"?>
<!-- Generated by org.testng.reporters.JUnitXMLReporter -->
<testsuite ignored="2" hostname="NSK-DT-LEN-1" failures="1" tests="8" name="Test" time="3.895" errors="0" timestamp="2024-10-25T18:22:12 IST">
  <testcase classname="testCases.LoginTest_01" name="getTitle" time="0.021"/>
  <testcase classname="testCases.OrderProduct_Test02" name="selectDropdown" time="1.122"/>
  <testcase classname="testCases.OrderProduct_Test02" name="addProductToCart" time="0.002"/>
  <testcase classname="testCases.OrderProduct_Test02" name="clickonCart" time="0.035"/>
  <testcase classname="testCases.OrderProduct_Test02" name="checkout" time="0.036"/>
  <testcase classname="testCases.OrderProduct_Test02" name="information" time="0.164"/>
  <testcase classname="testCases.OrderProduct_Test02" name="paymentInform" time="0.02">
    <failure type="java.lang.AssertionError" message="expected [sauce] but found [SauceCard #31337]">
      <![CDATA[java.lang.AssertionError: expected [sauce] but found [SauceCard #31337]
at pageObjectModel.HomePage.paymentInformation(HomePage.java:72)
at testCases.OrderProduct_Test02.paymentInform(OrderProduct_Test02.java:50)
at java.base/java.util.ArrayList.forEach(ArrayList.java:1511)
... Removed 33 stack frames]]>
    </failure>
  </testcase> <!-- paymentInform -->
  <testcase classname="testCases.OrderProduct_Test02" name="finish" time="0.035"/>
  <testcase classname="basePackage.BaseClass" name="@AfterSuite tearDown" time="0.0">
    <ignored/>
  </testcase> <!-- @AfterSuite tearDown -->
  <testcase classname="basePackage.BaseClass" name="@BeforeSuite setup" time="0.0">
    <ignored/>
  </testcase> <!-- @BeforeSuite setup -->
</testsuite> <!-- Test -->
